Logging IMU data to SQLite: /home/abaja/Documents/imu_sqlite/sensor_data.db
Connected to /dev/ttyUSB0 @ 115200
Serial read error on /dev/ttyUSB0: device reports readiness to read but returned no data (device disconnected or multiple access on port?). Reconnecting...
No port with valid HWT605 frames found. Retrying in 2s...
Connected to /dev/ttyUSB0 @ 115200
Serial read error on /dev/ttyUSB0: device reports readiness to read but returned no data (device disconnected or multiple access on port?). Reconnecting...
Connected to /dev/ttyUSB0 @ 115200
Serial read error on /dev/ttyUSB0: device reports readiness to read but returned no data (device disconnected or multiple access on port?). Reconnecting...
Connected to /dev/ttyUSB0 @ 115200
Serial read error on /dev/ttyUSB0: device reports readiness to read but returned no data (device disconnected or multiple access on port?). Reconnecting...
Connected to /dev/ttyUSB0 @ 115200
Serial read error on /dev/ttyUSB0: device reports readiness to read but returned no data (device disconnected or multiple access on port?). Reconnecting...
Connected to /dev/ttyUSB0 @ 115200
Serial read error on /dev/ttyUSB0: device reports readiness to read but returned no data (device disconnected or multiple access on port?). Reconnecting...
No port with valid HWT605 frames found. Retrying in 2s...
No port with valid HWT605 frames found. Retrying in 2s...
No port with valid HWT605 frames found. Retrying in 2s...
Connected to /dev/ttyUSB0 @ 115200
Serial read error on /dev/ttyUSB0: device reports readiness to read but returned no data (device disconnected or multiple access on port?). Reconnecting...
Connected to /dev/ttyUSB0 @ 115200
Serial read error on /dev/ttyUSB0: device reports readiness to read but returned no data (device disconnected or multiple access on port?). Reconnecting...
Connected to /dev/ttyUSB0 @ 115200
Serial read error on /dev/ttyUSB0: device reports readiness to read but returned no data (device disconnected or multiple access on port?). Reconnecting...
Connected to /dev/ttyUSB0 @ 115200
Serial read error on /dev/ttyUSB0: device reports readiness to read but returned no data (device disconnected or multiple access on port?). Reconnecting...
No port with valid HWT605 frames found. Retrying in 2s...
Connected to /dev/ttyUSB0 @ 115200
Serial read error on /dev/ttyUSB0: device reports readiness to read but returned no data (device disconnected or multiple access on port?). Reconnecting...
No port with valid HWT605 frames found. Retrying in 2s...
No port with valid HWT605 frames found. Retrying in 2s...
No port with valid HWT605 frames found. Retrying in 2s...
No port with valid HWT605 frames found. Retrying in 2s...
No port with valid HWT605 frames found. Retrying in 2s...
Connected to /dev/ttyUSB0 @ 115200
Serial read error on /dev/ttyUSB0: device reports readiness to read but returned no data (device disconnected or multiple access on port?). Reconnecting...
Connected to /dev/ttyUSB0 @ 115200
Serial read error on /dev/ttyUSB0: device reports readiness to read but returned no data (device disconnected or multiple access on port?). Reconnecting...
Connected to /dev/ttyUSB0 @ 115200
Serial read error on /dev/ttyUSB0: device reports readiness to read but returned no data (device disconnected or multiple access on port?). Reconnecting...
Connected to /dev/ttyUSB0 @ 115200
Serial read error on /dev/ttyUSB0: device reports readiness to read but returned no data (device disconnected or multiple access on port?). Reconnecting...
No port with valid HWT605 frames found. Retrying in 2s...
Connected to /dev/ttyUSB0 @ 115200
Serial read error on /dev/ttyUSB0: device reports readiness to read but returned no data (device disconnected or multiple access on port?). Reconnecting...
No port with valid HWT605 frames found. Retrying in 2s...
Connected to /dev/ttyUSB0 @ 115200
Serial read error on /dev/ttyUSB0: device reports readiness to read but returned no data (device disconnected or multiple access on port?). Reconnecting...
No port with valid HWT605 frames found. Retrying in 2s...
No port with valid HWT605 frames found. Retrying in 2s...
Connected to /dev/ttyUSB0 @ 115200
Serial read error on /dev/ttyUSB0: device reports readiness to read but returned no data (device disconnected or multiple access on port?). Reconnecting...
Connected to /dev/ttyUSB0 @ 115200
Serial read error on /dev/ttyUSB0: device reports readiness to read but returned no data (device disconnected or multiple access on port?). Reconnecting...
No port with valid HWT605 frames found. Retrying in 2s...
No port with valid HWT605 frames found. Retrying in 2s...
Connected to /dev/ttyUSB0 @ 115200
Serial read error on /dev/ttyUSB0: device reports readiness to read but returned no data (device disconnected or multiple access on port?). Reconnecting...
No port with valid HWT605 frames found. Retrying in 2s...
No port with valid HWT605 frames found. Retrying in 2s...
No port with valid HWT605 frames found. Retrying in 2s...
No port with valid HWT605 frames found. Retrying in 2s...
Connected to /dev/ttyUSB0 @ 115200
Serial read error on /dev/ttyUSB0: device reports readiness to read but returned no data (device disconnected or multiple access on port?). Reconnecting...
Connected to /dev/ttyUSB0 @ 115200
Serial read error on /dev/ttyUSB0: device reports readiness to read but returned no data (device disconnected or multiple access on port?). Reconnecting...
Connected to /dev/ttyUSB0 @ 115200
Serial read error on /dev/ttyUSB0: device reports readiness to read but returned no data (device disconnected or multiple access on port?). Reconnecting...
No port with valid HWT605 frames found. Retrying in 2s...
Connected to /dev/ttyUSB0 @ 115200
Serial read error on /dev/ttyUSB0: device reports readiness to read but returned no data (device disconnected or multiple access on port?). Reconnecting...
No port with valid HWT605 frames found. Retrying in 2s...
Connected to /dev/ttyUSB0 @ 115200
Serial read error on /dev/ttyUSB0: device reports readiness to read but returned no data (device disconnected or multiple access on port?). Reconnecting...
No port with valid HWT605 frames found. Retrying in 2s...
Connected to /dev/ttyUSB0 @ 115200
Serial read error on /dev/ttyUSB0: device reports readiness to read but returned no data (device disconnected or multiple access on port?). Reconnecting...
Connected to /dev/ttyUSB0 @ 115200
Serial read error on /dev/ttyUSB0: device reports readiness to read but returned no data (device disconnected or multiple access on port?). Reconnecting...
No port with valid HWT605 frames found. Retrying in 2s...
No port with valid HWT605 frames found. Retrying in 2s...
No port with valid HWT605 frames found. Retrying in 2s...
No port with valid HWT605 frames found. Retrying in 2s...
No port with valid HWT605 frames found. Retrying in 2s...
No port with valid HWT605 frames found. Retrying in 2s...
Connected to /dev/ttyUSB0 @ 115200
Serial read error on /dev/ttyUSB0: device reports readiness to read but returned no data (device disconnected or multiple access on port?). Reconnecting...
Connected to /dev/ttyUSB0 @ 115200
Serial read error on /dev/ttyUSB0: device reports readiness to read but returned no data (device disconnected or multiple access on port?). Reconnecting...
No port with valid HWT605 frames found. Retrying in 2s...
No port with valid HWT605 frames found. Retrying in 2s...
No port with valid HWT605 frames found. Retrying in 2s...
No port with valid HWT605 frames found. Retrying in 2s...
Connected to /dev/ttyUSB0 @ 115200
Serial read error on /dev/ttyUSB0: device reports readiness to read but returned no data (device disconnected or multiple access on port?). Reconnecting...
Connected to /dev/ttyUSB0 @ 115200
Serial read error on /dev/ttyUSB0: device reports readiness to read but returned no data (device disconnected or multiple access on port?). Reconnecting...
No port with valid HWT605 frames found. Retrying in 2s...
No port with valid HWT605 frames found. Retrying in 2s...
Connected to /dev/ttyUSB0 @ 115200
Serial read error on /dev/ttyUSB0: device reports readiness to read but returned no data (device disconnected or multiple access on port?). Reconnecting...
Connected to /dev/ttyUSB0 @ 115200
Serial read error on /dev/ttyUSB0: device reports readiness to read but returned no data (device disconnected or multiple access on port?). Reconnecting...
Connected to /dev/ttyUSB0 @ 115200
Serial read error on /dev/ttyUSB0: device reports readiness to read but returned no data (device disconnected or multiple access on port?). Reconnecting...
No port with valid HWT605 frames found. Retrying in 2s...
No port with valid HWT605 frames found. Retrying in 2s...
Connected to /dev/ttyUSB0 @ 115200
Serial read error on /dev/ttyUSB0: device reports readiness to read but returned no data (device disconnected or multiple access on port?). Reconnecting...
No port with valid HWT605 frames found. Retrying in 2s...
Connected to /dev/ttyUSB0 @ 115200
Serial read error on /dev/ttyUSB0: device reports readiness to read but returned no data (device disconnected or multiple access on port?). Reconnecting...
Connected to /dev/ttyUSB0 @ 115200
Serial read error on /dev/ttyUSB0: device reports readiness to read but returned no data (device disconnected or multiple access on port?). Reconnecting...
Connected to /dev/ttyUSB0 @ 115200
Serial read error on /dev/ttyUSB0: device reports readiness to read but returned no data (device disconnected or multiple access on port?). Reconnecting...
Connected to /dev/ttyUSB0 @ 115200
Serial read error on /dev/ttyUSB0: device reports readiness to read but returned no data (device disconnected or multiple access on port?). Reconnecting...
Connected to /dev/ttyUSB0 @ 115200
Serial read error on /dev/ttyUSB0: device reports readiness to read but returned no data (device disconnected or multiple access on port?). Reconnecting...
Connected to /dev/ttyUSB0 @ 115200
Serial read error on /dev/ttyUSB0: device reports readiness to read but returned no data (device disconnected or multiple access on port?). Reconnecting...
Connected to /dev/ttyUSB0 @ 115200
Serial read error on /dev/ttyUSB0: device reports readiness to read but returned no data (device disconnected or multiple access on port?). Reconnecting...
Connected to /dev/ttyUSB0 @ 115200
Serial read error on /dev/ttyUSB0: device reports readiness to read but returned no data (device disconnected or multiple access on port?). Reconnecting...
Connected to /dev/ttyUSB0 @ 115200
Serial read error on /dev/ttyUSB0: device reports readiness to read but returned no data (device disconnected or multiple access on port?). Reconnecting...
Connected to /dev/ttyUSB0 @ 115200
Serial read error on /dev/ttyUSB0: device reports readiness to read but returned no data (device disconnected or multiple access on port?). Reconnecting...
No port with valid HWT605 frames found. Retrying in 2s...
No port with valid HWT605 frames found. Retrying in 2s...
Connected to /dev/ttyUSB0 @ 115200
Serial read error on /dev/ttyUSB0: device reports readiness to read but returned no data (device disconnected or multiple access on port?). Reconnecting...
Connected to /dev/ttyUSB0 @ 115200
Serial read error on /dev/ttyUSB0: device reports readiness to read but returned no data (device disconnected or multiple access on port?). Reconnecting...
Connected to /dev/ttyUSB0 @ 115200
Serial read error on /dev/ttyUSB0: device reports readiness to read but returned no data (device disconnected or multiple access on port?). Reconnecting...
Connected to /dev/ttyUSB0 @ 115200
Serial read error on /dev/ttyUSB0: device reports readiness to read but returned no data (device disconnected or multiple access on port?). Reconnecting...
Connected to /dev/ttyUSB0 @ 115200
Serial read error on /dev/ttyUSB0: device reports readiness to read but returned no data (device disconnected or multiple access on port?). Reconnecting...
Connected to /dev/ttyUSB0 @ 115200
Serial read error on /dev/ttyUSB0: device reports readiness to read but returned no data (device disconnected or multiple access on port?). Reconnecting...
Connected to /dev/ttyUSB0 @ 115200
Serial read error on /dev/ttyUSB0: device reports readiness to read but returned no data (device disconnected or multiple access on port?). Reconnecting...
No port with valid HWT605 frames found. Retrying in 2s...
Connected to /dev/ttyUSB0 @ 115200
Serial read error on /dev/ttyUSB0: device reports readiness to read but returned no data (device disconnected or multiple access on port?). Reconnecting...
No port with valid HWT605 frames found. Retrying in 2s...
Connected to /dev/ttyUSB0 @ 115200
Serial read error on /dev/ttyUSB0: device reports readiness to read but returned no data (device disconnected or multiple access on port?). Reconnecting...
No port with valid HWT605 frames found. Retrying in 2s...
Connected to /dev/ttyUSB0 @ 115200
Serial read error on /dev/ttyUSB0: device reports readiness to read but returned no data (device disconnected or multiple access on port?). Reconnecting...
Connected to /dev/ttyUSB0 @ 115200
Serial read error on /dev/ttyUSB0: device reports readiness to read but returned no data (device disconnected or multiple access on port?). Reconnecting...
No port with valid HWT605 frames found. Retrying in 2s...
Connected to /dev/ttyUSB0 @ 115200
Serial read error on /dev/ttyUSB0: device reports readiness to read but returned no data (device disconnected or multiple access on port?). Reconnecting...
No port with valid HWT605 frames found. Retrying in 2s...
No port with valid HWT605 frames found. Retrying in 2s...
No port with valid HWT605 frames found. Retrying in 2s...
No port with valid HWT605 frames found. Retrying in 2s...
Connected to /dev/ttyUSB0 @ 115200
Serial read error on /dev/ttyUSB0: device reports readiness to read but returned no data (device disconnected or multiple access on port?). Reconnecting...
No port with valid HWT605 frames found. Retrying in 2s...
No port with valid HWT605 frames found. Retrying in 2s...
Connected to /dev/ttyUSB0 @ 115200
Serial read error on /dev/ttyUSB0: device reports readiness to read but returned no data (device disconnected or multiple access on port?). Reconnecting...
No port with valid HWT605 frames found. Retrying in 2s...
No port with valid HWT605 frames found. Retrying in 2s...
No port with valid HWT605 frames found. Retrying in 2s...
Connected to /dev/ttyUSB0 @ 115200
Serial read error on /dev/ttyUSB0: device reports readiness to read but returned no data (device disconnected or multiple access on port?). Reconnecting...
No port with valid HWT605 frames found. Retrying in 2s...
Connected to /dev/ttyUSB0 @ 115200
Serial read error on /dev/ttyUSB0: device reports readiness to read but returned no data (device disconnected or multiple access on port?). Reconnecting...
Connected to /dev/ttyUSB0 @ 115200
Serial read error on /dev/ttyUSB0: device reports readiness to read but returned no data (device disconnected or multiple access on port?). Reconnecting...
No port with valid HWT605 frames found. Retrying in 2s...
Connected to /dev/ttyUSB0 @ 115200
Serial read error on /dev/ttyUSB0: device reports readiness to read but returned no data (device disconnected or multiple access on port?). Reconnecting...
No port with valid HWT605 frames found. Retrying in 2s...
No port with valid HWT605 frames found. Retrying in 2s...
Connected to /dev/ttyUSB0 @ 115200
Serial read error on /dev/ttyUSB0: device reports readiness to read but returned no data (device disconnected or multiple access on port?). Reconnecting...
Connected to /dev/ttyUSB0 @ 115200
Serial read error on /dev/ttyUSB0: device reports readiness to read but returned no data (device disconnected or multiple access on port?). Reconnecting...
No port with valid HWT605 frames found. Retrying in 2s...
Connected to /dev/ttyUSB0 @ 115200
Serial read error on /dev/ttyUSB0: device reports readiness to read but returned no data (device disconnected or multiple access on port?). Reconnecting...
No port with valid HWT605 frames found. Retrying in 2s...
Connected to /dev/ttyUSB0 @ 115200
Serial read error on /dev/ttyUSB0: device reports readiness to read but returned no data (device disconnected or multiple access on port?). Reconnecting...
No port with valid HWT605 frames found. Retrying in 2s...
Connected to /dev/ttyUSB0 @ 115200
Serial read error on /dev/ttyUSB0: device reports readiness to read but returned no data (device disconnected or multiple access on port?). Reconnecting...
No port with valid HWT605 frames found. Retrying in 2s...
No port with valid HWT605 frames found. Retrying in 2s...
Connected to /dev/ttyUSB0 @ 115200
Serial read error on /dev/ttyUSB0: device reports readiness to read but returned no data (device disconnected or multiple access on port?). Reconnecting...
No port with valid HWT605 frames found. Retrying in 2s...
No port with valid HWT605 frames found. Retrying in 2s...
No port with valid HWT605 frames found. Retrying in 2s...
No port with valid HWT605 frames found. Retrying in 2s...
Connected to /dev/ttyUSB0 @ 115200
Serial read error on /dev/ttyUSB0: device reports readiness to read but returned no data (device disconnected or multiple access on port?). Reconnecting...
No port with valid HWT605 frames found. Retrying in 2s...
Connected to /dev/ttyUSB0 @ 115200
Serial read error on /dev/ttyUSB0: device reports readiness to read but returned no data (device disconnected or multiple access on port?). Reconnecting...
Connected to /dev/ttyUSB0 @ 115200
Serial read error on /dev/ttyUSB0: device reports readiness to read but returned no data (device disconnected or multiple access on port?). Reconnecting...
No port with valid HWT605 frames found. Retrying in 2s...
No port with valid HWT605 frames found. Retrying in 2s...
Connected to /dev/ttyUSB0 @ 115200
Serial read error on /dev/ttyUSB0: device reports readiness to read but returned no data (device disconnected or multiple access on port?). Reconnecting...
No port with valid HWT605 frames found. Retrying in 2s...
Connected to /dev/ttyUSB0 @ 115200
Serial read error on /dev/ttyUSB0: device reports readiness to read but returned no data (device disconnected or multiple access on port?). Reconnecting...
Connected to /dev/ttyUSB0 @ 115200
Serial read error on /dev/ttyUSB0: device reports readiness to read but returned no data (device disconnected or multiple access on port?). Reconnecting...
No port with valid HWT605 frames found. Retrying in 2s...
No port with valid HWT605 frames found. Retrying in 2s...
No port with valid HWT605 frames found. Retrying in 2s...
Connected to /dev/ttyUSB0 @ 115200
Serial read error on /dev/ttyUSB0: device reports readiness to read but returned no data (device disconnected or multiple access on port?). Reconnecting...
No port with valid HWT605 frames found. Retrying in 2s...
No port with valid HWT605 frames found. Retrying in 2s...
No port with valid HWT605 frames found. Retrying in 2s...
No port with valid HWT605 frames found. Retrying in 2s...
No port with valid HWT605 frames found. Retrying in 2s...
No port with valid HWT605 frames found. Retrying in 2s...
No port with valid HWT605 frames found. Retrying in 2s...
Connected to /dev/ttyUSB0 @ 115200
Serial read error on /dev/ttyUSB0: device reports readiness to read but returned no data (device disconnected or multiple access on port?). Reconnecting...
No port with valid HWT605 frames found. Retrying in 2s...
No port with valid HWT605 frames found. Retrying in 2s...
No port with valid HWT605 frames found. Retrying in 2s...
Connected to /dev/ttyUSB0 @ 115200
Serial read error on /dev/ttyUSB0: device reports readiness to read but returned no data (device disconnected or multiple access on port?). Reconnecting...
No port with valid HWT605 frames found. Retrying in 2s...
Connected to /dev/ttyUSB0 @ 115200
Serial read error on /dev/ttyUSB0: device reports readiness to read but returned no data (device disconnected or multiple access on port?). Reconnecting...
Connected to /dev/ttyUSB0 @ 115200
Serial read error on /dev/ttyUSB0: device reports readiness to read but returned no data (device disconnected or multiple access on port?). Reconnecting...
No port with valid HWT605 frames found. Retrying in 2s...
No port with valid HWT605 frames found. Retrying in 2s...
Connected to /dev/ttyUSB0 @ 115200
Serial read error on /dev/ttyUSB0: device reports readiness to read but returned no data (device disconnected or multiple access on port?). Reconnecting...
Connected to /dev/ttyUSB0 @ 115200
Serial read error on /dev/ttyUSB0: device reports readiness to read but returned no data (device disconnected or multiple access on port?). Reconnecting...
Connected to /dev/ttyUSB0 @ 115200
Serial read error on /dev/ttyUSB0: device reports readiness to read but returned no data (device disconnected or multiple access on port?). Reconnecting...
No port with valid HWT605 frames found. Retrying in 2s...
No port with valid HWT605 frames found. Retrying in 2s...
Connected to /dev/ttyUSB0 @ 115200
Serial read error on /dev/ttyUSB0: device reports readiness to read but returned no data (device disconnected or multiple access on port?). Reconnecting...
Connected to /dev/ttyUSB0 @ 115200
Serial read error on /dev/ttyUSB0: device reports readiness to read but returned no data (device disconnected or multiple access on port?). Reconnecting...
No port with valid HWT605 frames found. Retrying in 2s...
No port with valid HWT605 frames found. Retrying in 2s...
Connected to /dev/ttyUSB0 @ 115200
Serial read error on /dev/ttyUSB0: device reports readiness to read but returned no data (device disconnected or multiple access on port?). Reconnecting...
Connected to /dev/ttyUSB0 @ 115200
Serial read error on /dev/ttyUSB0: device reports readiness to read but returned no data (device disconnected or multiple access on port?). Reconnecting...
No port with valid HWT605 frames found. Retrying in 2s...
No port with valid HWT605 frames found. Retrying in 2s...
Connected to /dev/ttyUSB0 @ 115200
Serial read error on /dev/ttyUSB0: device reports readiness to read but returned no data (device disconnected or multiple access on port?). Reconnecting...
Connected to /dev/ttyUSB0 @ 115200
Serial read error on /dev/ttyUSB0: device reports readiness to read but returned no data (device disconnected or multiple access on port?). Reconnecting...
No port with valid HWT605 frames found. Retrying in 2s...
No port with valid HWT605 frames found. Retrying in 2s...
No port with valid HWT605 frames found. Retrying in 2s...
No port with valid HWT605 frames found. Retrying in 2s...
Connected to /dev/ttyUSB0 @ 115200
Serial read error on /dev/ttyUSB0: device reports readiness to read but returned no data (device disconnected or multiple access on port?). Reconnecting...
Connected to /dev/ttyUSB0 @ 115200
Serial read error on /dev/ttyUSB0: device reports readiness to read but returned no data (device disconnected or multiple access on port?). Reconnecting...
Connected to /dev/ttyUSB0 @ 115200
Serial read error on /dev/ttyUSB0: device reports readiness to read but returned no data (device disconnected or multiple access on port?). Reconnecting...
Connected to /dev/ttyUSB0 @ 115200
Serial read error on /dev/ttyUSB0: device reports readiness to read but returned no data (device disconnected or multiple access on port?). Reconnecting...
No port with valid HWT605 frames found. Retrying in 2s...
Connected to /dev/ttyUSB0 @ 115200
Serial read error on /dev/ttyUSB0: device reports readiness to read but returned no data (device disconnected or multiple access on port?). Reconnecting...
Connected to /dev/ttyUSB0 @ 115200
Serial read error on /dev/ttyUSB0: device reports readiness to read but returned no data (device disconnected or multiple access on port?). Reconnecting...
Connected to /dev/ttyUSB0 @ 115200
Serial read error on /dev/ttyUSB0: device reports readiness to read but returned no data (device disconnected or multiple access on port?). Reconnecting...
Connected to /dev/ttyUSB0 @ 115200
Serial read error on /dev/ttyUSB0: device reports readiness to read but returned no data (device disconnected or multiple access on port?). Reconnecting...
Connected to /dev/ttyUSB0 @ 115200
Serial read error on /dev/ttyUSB0: device reports readiness to read but returned no data (device disconnected or multiple access on port?). Reconnecting...
Connected to /dev/ttyUSB0 @ 115200
Serial read error on /dev/ttyUSB0: device reports readiness to read but returned no data (device disconnected or multiple access on port?). Reconnecting...
Connected to /dev/ttyUSB0 @ 115200
Serial read error on /dev/ttyUSB0: device reports readiness to read but returned no data (device disconnected or multiple access on port?). Reconnecting...
No port with valid HWT605 frames found. Retrying in 2s...
Connected to /dev/ttyUSB0 @ 115200
Serial read error on /dev/ttyUSB0: database is locked. Reconnecting...
Connected to /dev/ttyUSB0 @ 115200
Serial read error on /dev/ttyUSB0: device reports readiness to read but returned no data (device disconnected or multiple access on port?). Reconnecting...
Connected to /dev/ttyUSB0 @ 115200
Serial read error on /dev/ttyUSB0: device reports readiness to read but returned no data (device disconnected or multiple access on port?). Reconnecting...
Connected to /dev/ttyUSB0 @ 115200
SQLite IMU logger stopped.
